Logfile initialized
[INFO] logfile = D:\Code\GetOnBoard\build.log
[DEBUG] C:\Users\mtokle\AppData\Roaming\Titanium\mobilesdk\win32\3.0.0.GA\android\builder.py install GetOnBoard E:\Softwares\android-sdk_r21.0.1-windows\android-sdk-windows D:\Code\GetOnBoard com.getonboard.appacitive.com 13
[INFO] Titanium SDK version: 3.0.0 (12/12/12 18:49 a5894b3)
[DEBUG] Waiting for device to be ready ...
[TRACE] adb devices returned 1 devices/emulators
[DEBUG] Device connected... (waited 0 seconds)
[DEBUG] waited 0.038000 seconds on emulator to get ready
[DEBUG] com.getonboard.appacitive.com installed? False
[INFO] Copying CommonJS modules...
[INFO] Copying project resources..
[TRACE] COPYING MODIFIED FILE: D:\Code\GetOnBoard\Resources\app.js => D:\Code\GetOnBoard\build\android\bin\assets\Resources\app.js
[TRACE] COPYING CREATED FILE: D:\Code\GetOnBoard\Resources\OnBoardHome.htm => D:\Code\GetOnBoard\build\android\bin\assets\Resources\OnBoardHome.htm
[TRACE] COPYING CREATED FILE: D:\Code\GetOnBoard\Resources\ui\AddBoardWindow.js => D:\Code\GetOnBoard\build\android\bin\assets\Resources\ui\AddBoardWindow.js
[TRACE] COPYING MODIFIED FILE: D:\Code\GetOnBoard\Resources\ui\BoardWindow.js => D:\Code\GetOnBoard\build\android\bin\assets\Resources\ui\BoardWindow.js
[TRACE] COPYING CREATED FILE: D:\Code\GetOnBoard\Resources\ui\CreateItem.js => D:\Code\GetOnBoard\build\android\bin\assets\Resources\ui\CreateItem.js
[TRACE] COPYING MODIFIED FILE: D:\Code\GetOnBoard\Resources\ui\ItemsWindow.js => D:\Code\GetOnBoard\build\android\bin\assets\Resources\ui\ItemsWindow.js
[TRACE] Generating Java Classes
[DEBUG] Processing Android resource drawables
[DEBUG] copying app icon: D:\Code\GetOnBoard\build\android\bin\assets\Resources\appicon.png
[DEBUG] generating theme.xml
[DEBUG] found drawable-long-land-hdpi splash screen at D:\Code\GetOnBoard\Resources\android\images\res-long-land-hdpi\default.png
[DEBUG] copying D:\Code\GetOnBoard\Resources\android\images\res-long-land-hdpi\default.png splash screen to D:\Code\GetOnBoard\build\android\res\drawable-long-land-hdpi\background.png
[DEBUG] found drawable-long-land-ldpi splash screen at D:\Code\GetOnBoard\Resources\android\images\res-long-land-ldpi\default.png
[DEBUG] copying D:\Code\GetOnBoard\Resources\android\images\res-long-land-ldpi\default.png splash screen to D:\Code\GetOnBoard\build\android\res\drawable-long-land-ldpi\background.png
[DEBUG] found drawable-long-port-hdpi splash screen at D:\Code\GetOnBoard\Resources\android\images\res-long-port-hdpi\default.png
[DEBUG] copying D:\Code\GetOnBoard\Resources\android\images\res-long-port-hdpi\default.png splash screen to D:\Code\GetOnBoard\build\android\res\drawable-long-port-hdpi\background.png
[DEBUG] found drawable-long-port-ldpi splash screen at D:\Code\GetOnBoard\Resources\android\images\res-long-port-ldpi\default.png
[DEBUG] copying D:\Code\GetOnBoard\Resources\android\images\res-long-port-ldpi\default.png splash screen to D:\Code\GetOnBoard\build\android\res\drawable-long-port-ldpi\background.png
[DEBUG] found drawable-notlong-land-hdpi splash screen at D:\Code\GetOnBoard\Resources\android\images\res-notlong-land-hdpi\default.png
[DEBUG] copying D:\Code\GetOnBoard\Resources\android\images\res-notlong-land-hdpi\default.png splash screen to D:\Code\GetOnBoard\build\android\res\drawable-notlong-land-hdpi\background.png
[DEBUG] found drawable-notlong-land-ldpi splash screen at D:\Code\GetOnBoard\Resources\android\images\res-notlong-land-ldpi\default.png
[DEBUG] copying D:\Code\GetOnBoard\Resources\android\images\res-notlong-land-ldpi\default.png splash screen to D:\Code\GetOnBoard\build\android\res\drawable-notlong-land-ldpi\background.png
[DEBUG] found drawable-notlong-land-mdpi splash screen at D:\Code\GetOnBoard\Resources\android\images\res-notlong-land-mdpi\default.png
[DEBUG] copying D:\Code\GetOnBoard\Resources\android\images\res-notlong-land-mdpi\default.png splash screen to D:\Code\GetOnBoard\build\android\res\drawable-notlong-land-mdpi\background.png
[DEBUG] found drawable-notlong-port-hdpi splash screen at D:\Code\GetOnBoard\Resources\android\images\res-notlong-port-hdpi\default.png
[DEBUG] copying D:\Code\GetOnBoard\Resources\android\images\res-notlong-port-hdpi\default.png splash screen to D:\Code\GetOnBoard\build\android\res\drawable-notlong-port-hdpi\background.png
[DEBUG] found drawable-notlong-port-ldpi splash screen at D:\Code\GetOnBoard\Resources\android\images\res-notlong-port-ldpi\default.png
[DEBUG] copying D:\Code\GetOnBoard\Resources\android\images\res-notlong-port-ldpi\default.png splash screen to D:\Code\GetOnBoard\build\android\res\drawable-notlong-port-ldpi\background.png
[DEBUG] found drawable-notlong-port-mdpi splash screen at D:\Code\GetOnBoard\Resources\android\images\res-notlong-port-mdpi\default.png
[DEBUG] copying D:\Code\GetOnBoard\Resources\android\images\res-notlong-port-mdpi\default.png splash screen to D:\Code\GetOnBoard\build\android\res\drawable-notlong-port-mdpi\background.png
[DEBUG] found splash screen at D:\Code\GetOnBoard\build\android\bin\assets\Resources\default.png
[TRACE] Writing out AndroidManifest.xml
[DEBUG] adding D:\Code\GetOnBoard\build\android\gen\com\getonboard\appacitive\com\GetonboardActivity.java to javac build list
[DEBUG] adding D:\Code\GetOnBoard\build\android\gen\com\getonboard\appacitive\com\GetonboardAppInfo.java to javac build list
[DEBUG] adding D:\Code\GetOnBoard\build\android\gen\com\getonboard\appacitive\com\GetonboardApplication.java to javac build list
[DEBUG] adding D:\Code\GetOnBoard\build\android\gen\com\getonboard\appacitive\com\R.java to javac build list
[DEBUG] Building Java Sources: "D:\\Code\\GetOnBoard\\build\\android\\gen\\com\\getonboard\\appacitive\\com\\GetonboardActivity.java" "D:\\Code\\GetOnBoard\\build\\android\\gen\\com\\getonboard\\appacitive\\com\\GetonboardAppInfo.java" "D:\\Code\\GetOnBoard\\build\\android\\gen\\com\\getonboard\\appacitive\\com\\GetonboardApplication.java" "D:\\Code\\GetOnBoard\\build\\android\\gen\\com\\getonboard\\appacitive\\com\\R.java"
[INFO] Compiling Android Resources... This could take some time
[DEBUG] Android classes.dex built
[DEBUG] creating unsigned apk: D:\Code\GetOnBoard\build\android\bin\app-unsigned.apk
[DEBUG] from resource zip => assets/Resources/ui/common/DetailView.js
[DEBUG] from resource zip => assets/Resources/ui/common/MasterView.js
[DEBUG] from resource zip => assets/Resources/ui/handheld/android/ApplicationWindow.js
[DEBUG] from resource zip => assets/Resources/ui/handheld/ios/ApplicationWindow.js
[DEBUG] from resource zip => assets/Resources/ui/handheld/mobileweb/ApplicationWindow.js
[DEBUG] from resource zip => assets/Resources/ui/tablet/ApplicationWindow.js
[DEBUG] from resource zip => assets/Resources/ui/AddBoardWindow.js
[DEBUG] from resource zip => assets/Resources/ui/BoardWindow.js
[DEBUG] from resource zip => assets/Resources/ui/CreateItem.js
[DEBUG] from resource zip => assets/Resources/ui/ItemsWindow.js
[DEBUG] from resource zip => assets/Resources/ui/ListWindow.js
[DEBUG] from resource zip => assets/Resources/KS_nav_ui.png
[DEBUG] from resource zip => assets/Resources/KS_nav_views.png
[DEBUG] from resource zip => assets/Resources/OnBoardHome.htm
[DEBUG] from resource zip => assets/Resources/app.js
[DEBUG] from resource zip => assets/Resources/appacitiveSDK.min.js
[DEBUG] from resource zip => assets/Resources/appicon.png
[DEBUG] from resource zip => assets/Resources/default.png
[DEBUG] from resource zip => assets/Resources/jquery.min.js
[DEBUG] from resource zip => assets/Resources/ti.cloud.js
[DEBUG] from resource zip => assets/Resources/v1.js
[DEBUG] from resource zip => assets/app.json
[DEBUG] from resource zip => assets/index.json
[DEBUG] from resource zip => assets/tiapp.xml
[DEBUG] from resource zip => res/drawable/appicon.png
[DEBUG] from resource zip => res/drawable/background.png
[DEBUG] from resource zip => res/layout/titanium_tabgroup.xml
[DEBUG] from resource zip => AndroidManifest.xml
[DEBUG] from resource zip => resources.arsc
[DEBUG] from resource zip => res/drawable-long-land-hdpi/background.png
[DEBUG] from resource zip => res/drawable-long-land-ldpi/background.png
[DEBUG] from resource zip => res/drawable-long-port-hdpi/background.png
[DEBUG] from resource zip => res/drawable-long-port-ldpi/background.png
[DEBUG] from resource zip => res/drawable-notlong-land-hdpi/background.png
[DEBUG] from resource zip => res/drawable-notlong-land-ldpi/background.png
[DEBUG] from resource zip => res/drawable-notlong-land-mdpi/background.png
[DEBUG] from resource zip => res/drawable-notlong-port-hdpi/background.png
[DEBUG] from resource zip => res/drawable-notlong-port-ldpi/background.png
[DEBUG] from resource zip => res/drawable-notlong-port-mdpi/background.png
[DEBUG] from JAR C:\Users\mtokle\AppData\Roaming\Titanium\mobilesdk\win32\3.0.0.GA\android\modules\titanium-ui.jar => ti/modules/titanium/ui/widget/webview/binding.js
[DEBUG] from JAR C:\Users\mtokle\AppData\Roaming\Titanium\mobilesdk\win32\3.0.0.GA\android\modules\titanium-ui.jar => ti/modules/titanium/ui/widget/webview/binding.min.js
[DEBUG] from JAR C:\Users\mtokle\AppData\Roaming\Titanium\mobilesdk\win32\3.0.0.GA\android\modules\titanium-ui.jar => ti/modules/titanium/ui/widget/webview/json2.js
[DEBUG] from JAR C:\Users\mtokle\AppData\Roaming\Titanium\mobilesdk\win32\3.0.0.GA\android\modules\titanium-ui.jar => ti/modules/titanium/ui/widget/webview/polling.js
[DEBUG] from JAR C:\Users\mtokle\AppData\Roaming\Titanium\mobilesdk\win32\3.0.0.GA\android\modules\titanium-ui.jar => ti/modules/titanium/ui/widget/webview/polling.min.js
[DEBUG] from JAR C:\Users\mtokle\AppData\Roaming\Titanium\mobilesdk\win32\3.0.0.GA\android\thirdparty.jar => org/apache/Commons-NOTICE.txt
[DEBUG] from JAR C:\Users\mtokle\AppData\Roaming\Titanium\mobilesdk\win32\3.0.0.GA\android\thirdparty.jar => org/apache/HttpComponents-NOTICE.txt
[DEBUG] from JAR C:\Users\mtokle\AppData\Roaming\Titanium\mobilesdk\win32\3.0.0.GA\android\thirdparty.jar => org/apache/mime4j-NOTICE.txt
[DEBUG] from JAR C:\Users\mtokle\AppData\Roaming\Titanium\mobilesdk\win32\3.0.0.GA\android\titanium.jar => org/appcelerator/titanium/build.properties
[DEBUG] from JAR C:\Users\mtokle\AppData\Roaming\Titanium\mobilesdk\win32\3.0.0.GA\android\titanium.jar => org/appcelerator/titanium/res/drawable/background.png
[DEBUG] from JAR C:\Users\mtokle\AppData\Roaming\Titanium\mobilesdk\win32\3.0.0.GA\android\titanium.jar => org/appcelerator/titanium/res/drawable/btn_check_buttonless_on.png
[DEBUG] from JAR C:\Users\mtokle\AppData\Roaming\Titanium\mobilesdk\win32\3.0.0.GA\android\titanium.jar => org/appcelerator/titanium/res/drawable/btn_check_buttonless_on_18.png
[DEBUG] from JAR C:\Users\mtokle\AppData\Roaming\Titanium\mobilesdk\win32\3.0.0.GA\android\titanium.jar => org/appcelerator/titanium/res/drawable/btn_check_buttonless_on_48.png
[DEBUG] from JAR C:\Users\mtokle\AppData\Roaming\Titanium\mobilesdk\win32\3.0.0.GA\android\titanium.jar => org/appcelerator/titanium/res/drawable/btn_check_buttonless_on_64.png
[DEBUG] from JAR C:\Users\mtokle\AppData\Roaming\Titanium\mobilesdk\win32\3.0.0.GA\android\titanium.jar => org/appcelerator/titanium/res/drawable/btn_more.png
[DEBUG] from JAR C:\Users\mtokle\AppData\Roaming\Titanium\mobilesdk\win32\3.0.0.GA\android\titanium.jar => org/appcelerator/titanium/res/drawable/btn_more_18.png
[DEBUG] from JAR C:\Users\mtokle\AppData\Roaming\Titanium\mobilesdk\win32\3.0.0.GA\android\titanium.jar => org/appcelerator/titanium/res/drawable/btn_more_48.png
[DEBUG] from JAR C:\Users\mtokle\AppData\Roaming\Titanium\mobilesdk\win32\3.0.0.GA\android\titanium.jar => org/appcelerator/titanium/res/drawable/btn_more_64.png
[DEBUG] from JAR C:\Users\mtokle\AppData\Roaming\Titanium\mobilesdk\win32\3.0.0.GA\android\titanium.jar => org/appcelerator/titanium/res/drawable/btn_picker_normal.9.png
[DEBUG] from JAR C:\Users\mtokle\AppData\Roaming\Titanium\mobilesdk\win32\3.0.0.GA\android\titanium.jar => org/appcelerator/titanium/res/drawable/btn_picker_pressed.9.png
[DEBUG] from JAR C:\Users\mtokle\AppData\Roaming\Titanium\mobilesdk\win32\3.0.0.GA\android\titanium.jar => org/appcelerator/titanium/res/drawable/btn_picker_selected.9.png
[DEBUG] from JAR C:\Users\mtokle\AppData\Roaming\Titanium\mobilesdk\win32\3.0.0.GA\android\titanium.jar => org/appcelerator/titanium/res/drawable/default_icon.png
[DEBUG] from JAR C:\Users\mtokle\AppData\Roaming\Titanium\mobilesdk\win32\3.0.0.GA\android\titanium.jar => org/appcelerator/titanium/res/drawable/photoDefault.png
[DEBUG] installing native SDK libs
[DEBUG] Waiting for device to be ready ...
[TRACE] adb devices returned 1 devices/emulators
[DEBUG] Device connected... (waited 0 seconds)
[DEBUG] waited 0.038000 seconds on emulator to get ready
[INFO] Installing application on device
[INFO] Application installed. Launch from drawer on Home Screen
